{"C:\\Users\\User\\Desktop\\vscode\\node\\enquetesNode\\src\\presentation\\controllers\\signup.ts": {"path":"C:\\Users\\User\\Desktop\\vscode\\node\\enquetesNode\\src\\presentation\\controllers\\signup.ts","all":false,"statementMap":{"0":{"start":{"line":1,"column":0},"end":{"line":1,"column":61}},"1":{"start":{"line":2,"column":0},"end":{"line":2,"column":65}},"2":{"start":{"line":3,"column":0},"end":{"line":3,"column":0}},"3":{"start":{"line":4,"column":0},"end":{"line":4,"column":31}},"4":{"start":{"line":5,"column":0},"end":{"line":5,"column":0}},"5":{"start":{"line":6,"column":0},"end":{"line":6,"column":52}},"6":{"start":{"line":7,"column":0},"end":{"line":7,"column":0}},"7":{"start":{"line":8,"column":0},"end":{"line":8,"column":36}},"8":{"start":{"line":9,"column":0},"end":{"line":9,"column":20}},"9":{"start":{"line":10,"column":0},"end":{"line":10,"column":32}},"10":{"start":{"line":11,"column":0},"end":{"line":11,"column":51}},"11":{"start":{"line":12,"column":0},"end":{"line":12,"column":13}},"12":{"start":{"line":13,"column":0},"end":{"line":13,"column":9}},"13":{"start":{"line":14,"column":0},"end":{"line":14,"column":37}},"14":{"start":{"line":15,"column":0},"end":{"line":15,"column":20}},"15":{"start":{"line":16,"column":0},"end":{"line":16,"column":32}},"16":{"start":{"line":17,"column":0},"end":{"line":17,"column":52}},"17":{"start":{"line":18,"column":0},"end":{"line":18,"column":13}},"18":{"start":{"line":19,"column":0},"end":{"line":19,"column":9}},"19":{"start":{"line":20,"column":0},"end":{"line":20,"column":40}},"20":{"start":{"line":21,"column":0},"end":{"line":21,"column":20}},"21":{"start":{"line":22,"column":0},"end":{"line":22,"column":32}},"22":{"start":{"line":23,"column":0},"end":{"line":23,"column":55}},"23":{"start":{"line":24,"column":0},"end":{"line":24,"column":13}},"24":{"start":{"line":25,"column":0},"end":{"line":25,"column":9}},"25":{"start":{"line":26,"column":0},"end":{"line":26,"column":0}},"26":{"start":{"line":27,"column":0},"end":{"line":27,"column":5}},"27":{"start":{"line":28,"column":0},"end":{"line":28,"column":0}},"28":{"start":{"line":29,"column":0},"end":{"line":29,"column":1}}},"s":{"0":1,"1":1,"2":1,"3":1,"4":1,"5":1,"6":3,"7":3,"8":1,"9":1,"10":1,"11":1,"12":1,"13":3,"14":1,"15":1,"16":1,"17":1,"18":1,"19":1,"20":1,"21":1,"22":1,"23":1,"24":1,"25":3,"26":3,"27":1,"28":1},"branchMap":{"0":{"type":"branch","line":6,"loc":{"start":{"line":6,"column":4},"end":{"line":27,"column":5}},"locations":[{"start":{"line":6,"column":4},"end":{"line":27,"column":5}}]},"1":{"type":"branch","line":8,"loc":{"start":{"line":8,"column":35},"end":{"line":13,"column":9}},"locations":[{"start":{"line":8,"column":35},"end":{"line":13,"column":9}}]},"2":{"type":"branch","line":14,"loc":{"start":{"line":14,"column":-2},"end":{"line":14,"column":36}},"locations":[{"start":{"line":14,"column":-2},"end":{"line":14,"column":36}}]},"3":{"type":"branch","line":14,"loc":{"start":{"line":14,"column":36},"end":{"line":25,"column":9}},"locations":[{"start":{"line":14,"column":36},"end":{"line":25,"column":9}}]}},"b":{"0":[3],"1":[1],"2":[2],"3":[1]},"fnMap":{"0":{"name":"handle","decl":{"start":{"line":6,"column":4},"end":{"line":27,"column":5}},"loc":{"start":{"line":6,"column":4},"end":{"line":27,"column":5}},"line":6}},"f":{"0":3}}
,"C:\\Users\\User\\Desktop\\vscode\\node\\enquetesNode\\src\\presentation\\errors\\missing-param-error.ts": {"path":"C:\\Users\\User\\Desktop\\vscode\\node\\enquetesNode\\src\\presentation\\errors\\missing-param-error.ts","all":false,"statementMap":{"0":{"start":{"line":1,"column":0},"end":{"line":1,"column":46}},"1":{"start":{"line":2,"column":0},"end":{"line":2,"column":0}},"2":{"start":{"line":3,"column":0},"end":{"line":3,"column":36}},"3":{"start":{"line":4,"column":0},"end":{"line":4,"column":44}},"4":{"start":{"line":5,"column":0},"end":{"line":5,"column":39}},"5":{"start":{"line":6,"column":0},"end":{"line":6,"column":5}},"6":{"start":{"line":7,"column":0},"end":{"line":7,"column":0}},"7":{"start":{"line":8,"column":0},"end":{"line":8,"column":1}}},"s":{"0":1,"1":1,"2":1,"3":6,"4":6,"5":6,"6":1,"7":1},"branchMap":{"0":{"type":"branch","line":3,"loc":{"start":{"line":3,"column":4},"end":{"line":6,"column":5}},"locations":[{"start":{"line":3,"column":4},"end":{"line":6,"column":5}}]}},"b":{"0":[6]},"fnMap":{"0":{"name":"MissingParamError","decl":{"start":{"line":3,"column":4},"end":{"line":6,"column":5}},"loc":{"start":{"line":3,"column":4},"end":{"line":6,"column":5}},"line":3}},"f":{"0":6}}
}
