TN:
SF:src\presentation\controllers\signup.ts
FN:6,handle
FNF:1
FNH:1
FNDA:3,handle
DA:1,1
DA:2,1
DA:3,1
DA:4,1
DA:5,1
DA:6,1
DA:7,3
DA:8,3
DA:9,1
DA:10,1
DA:11,1
DA:12,1
DA:13,1
DA:14,3
DA:15,1
DA:16,1
DA:17,1
DA:18,1
DA:19,1
DA:20,1
DA:21,1
DA:22,1
DA:23,1
DA:24,1
DA:25,1
DA:26,3
DA:27,3
DA:28,1
DA:29,1
LF:29
LH:29
BRDA:6,0,0,3
BRDA:8,1,0,1
BRDA:14,2,0,2
BRDA:14,3,0,1
BRF:4
BRH:4
end_of_record
TN:
SF:src\presentation\errors\missing-param-error.ts
FN:3,MissingParamError
FNF:1
FNH:1
FNDA:6,MissingParamError
DA:1,1
DA:2,1
DA:3,1
DA:4,6
DA:5,6
DA:6,6
DA:7,1
DA:8,1
LF:8
LH:8
BRDA:3,0,0,6
BRF:1
BRH:1
end_of_record
