TN:
SF:src\presentation\controllers\signup.ts
FN:7,handle
FNF:1
FNH:1
FNDA:4,handle
DA:1,1
DA:2,1
DA:3,1
DA:4,1
DA:5,1
DA:6,1
DA:7,1
DA:8,4
DA:9,4
DA:10,4
DA:11,4
DA:12,10
DA:13,4
DA:14,4
DA:15,10
DA:16,0
DA:17,0
DA:18,1
DA:19,1
LF:19
LH:17
BRDA:7,0,0,4
BRDA:11,1,0,10
BRDA:12,2,0,4
BRDA:16,3,0,0
BRF:4
BRH:3
end_of_record
TN:
SF:src\presentation\errors\missing-param-error.ts
FN:3,MissingParamError
FNF:1
FNH:1
FNDA:8,MissingParamError
DA:1,1
DA:2,1
DA:3,1
DA:4,8
DA:5,8
DA:6,8
DA:7,1
DA:8,1
LF:8
LH:8
BRDA:3,0,0,8
BRF:1
BRH:1
end_of_record
